<?xml version="1.0" encoding="UTF-8"?>
<testng-results skipped="0" failed="0" total="64" passed="64">
  <reporter-output>
  </reporter-output>
  <suite name="CreateData" duration-ms="268" started-at="2018-06-04T14:20:01Z" finished-at="2018-06-04T14:20:02Z">
    <groups>
    </groups>
    <test name="Create" duration-ms="268" started-at="2018-06-04T14:20:01Z" finished-at="2018-06-04T14:20:02Z">
      <class name="TestPractise.CreateData">
        <test-method status="PASS" signature="test1(java.lang.String)[pri:0, instance:TestPractise.CreateData@4c75cab9]" name="test1" duration-ms="13" started-at="2018-06-04T22:20:01Z" data-provider="db" finished-at="2018-06-04T22:20:01Z">
          <params>
            <param index="0">
              <value>
                <![CDATA[Credit]]>
              </value>
            </param>
          </params>
          <reporter-output>
          </reporter-output>
        </test-method> <!-- test1 -->
        <test-method status="PASS" signature="test1(java.lang.String)[pri:0, instance:TestPractise.CreateData@4c75cab9]" name="test1" duration-ms="1" started-at="2018-06-04T22:20:01Z" data-provider="db" finished-at="2018-06-04T22:20:01Z">
          <params>
            <param index="0">
              <value>
                <![CDATA[old]]>
              </value>
            </param>
          </params>
          <reporter-output>
          </reporter-output>
        </test-method> <!-- test1 -->
        <test-method status="PASS" signature="test1(java.lang.String)[pri:0, instance:TestPractise.CreateData@4c75cab9]" name="test1" duration-ms="1" started-at="2018-06-04T22:20:01Z" data-provider="db" finished-at="2018-06-04T22:20:01Z">
          <params>
            <param index="0">
              <value>
                <![CDATA[thanks]]>
              </value>
            </param>
          </params>
          <reporter-output>
          </reporter-output>
        </test-method> <!-- test1 -->
        <test-method status="PASS" signature="test1(java.lang.String)[pri:0, instance:TestPractise.CreateData@4c75cab9]" name="test1" duration-ms="0" started-at="2018-06-04T22:20:01Z" data-provider="db" finished-at="2018-06-04T22:20:01Z">
          <params>
            <param index="0">
              <value>
                <![CDATA[good]]>
              </value>
            </param>
          </params>
          <reporter-output>
          </reporter-output>
        </test-method> <!-- test1 -->
        <test-method status="PASS" signature="test1(java.lang.String)[pri:0, instance:TestPractise.CreateData@4c75cab9]" name="test1" duration-ms="0" started-at="2018-06-04T22:20:01Z" data-provider="db" finished-at="2018-06-04T22:20:01Z">
          <params>
            <param index="0">
              <value>
                <![CDATA[yeard]]>
              </value>
            </param>
          </params>
          <reporter-output>
          </reporter-output>
        </test-method> <!-- test1 -->
        <test-method status="PASS" signature="test1(java.lang.String)[pri:0, instance:TestPractise.CreateData@4c75cab9]" name="test1" duration-ms="1" started-at="2018-06-04T22:20:01Z" data-provider="db" finished-at="2018-06-04T22:20:01Z">
          <params>
            <param index="0">
              <value>
                <![CDATA[teacher]]>
              </value>
            </param>
          </params>
          <reporter-output>
          </reporter-output>
        </test-method> <!-- test1 -->
        <test-method status="PASS" signature="test1(java.lang.String)[pri:0, instance:TestPractise.CreateData@4c75cab9]" name="test1" duration-ms="8" started-at="2018-06-04T22:20:01Z" data-provider="db" finished-at="2018-06-04T22:20:01Z">
          <params>
            <param index="0">
              <value>
                <![CDATA[students]]>
              </value>
            </param>
          </params>
          <reporter-output>
          </reporter-output>
        </test-method> <!-- test1 -->
        <test-method status="PASS" signature="test1(java.lang.String)[pri:0, instance:TestPractise.CreateData@4c75cab9]" name="test1" duration-ms="0" started-at="2018-06-04T22:20:01Z" data-provider="db" finished-at="2018-06-04T22:20:01Z">
          <params>
            <param index="0">
              <value>
                <![CDATA[colleage]]>
              </value>
            </param>
          </params>
          <reporter-output>
          </reporter-output>
        </test-method> <!-- test1 -->
        <test-method status="PASS" signature="test2(java.lang.String)[pri:0, instance:TestPractise.CreateData@4c75cab9]" name="test2" duration-ms="1" started-at="2018-06-04T22:20:01Z" data-provider="db" finished-at="2018-06-04T22:20:01Z">
          <params>
            <param index="0">
              <value>
                <![CDATA[Credit]]>
              </value>
            </param>
          </params>
          <reporter-output>
          </reporter-output>
        </test-method> <!-- test2 -->
        <test-method status="PASS" signature="test2(java.lang.String)[pri:0, instance:TestPractise.CreateData@4c75cab9]" name="test2" duration-ms="2" started-at="2018-06-04T22:20:01Z" data-provider="db" finished-at="2018-06-04T22:20:01Z">
          <params>
            <param index="0">
              <value>
                <![CDATA[old]]>
              </value>
            </param>
          </params>
          <reporter-output>
          </reporter-output>
        </test-method> <!-- test2 -->
        <test-method status="PASS" signature="test2(java.lang.String)[pri:0, instance:TestPractise.CreateData@4c75cab9]" name="test2" duration-ms="1" started-at="2018-06-04T22:20:01Z" data-provider="db" finished-at="2018-06-04T22:20:01Z">
          <params>
            <param index="0">
              <value>
                <![CDATA[yeard]]>
              </value>
            </param>
          </params>
          <reporter-output>
          </reporter-output>
        </test-method> <!-- test2 -->
        <test-method status="PASS" signature="test2(java.lang.String)[pri:0, instance:TestPractise.CreateData@4c75cab9]" name="test2" duration-ms="2" started-at="2018-06-04T22:20:01Z" data-provider="db" finished-at="2018-06-04T22:20:01Z">
          <params>
            <param index="0">
              <value>
                <![CDATA[good]]>
              </value>
            </param>
          </params>
          <reporter-output>
          </reporter-output>
        </test-method> <!-- test2 -->
        <test-method status="PASS" signature="test2(java.lang.String)[pri:0, instance:TestPractise.CreateData@4c75cab9]" name="test2" duration-ms="1" started-at="2018-06-04T22:20:01Z" data-provider="db" finished-at="2018-06-04T22:20:01Z">
          <params>
            <param index="0">
              <value>
                <![CDATA[thanks]]>
              </value>
            </param>
          </params>
          <reporter-output>
          </reporter-output>
        </test-method> <!-- test2 -->
        <test-method status="PASS" signature="test2(java.lang.String)[pri:0, instance:TestPractise.CreateData@4c75cab9]" name="test2" duration-ms="1" started-at="2018-06-04T22:20:01Z" data-provider="db" finished-at="2018-06-04T22:20:01Z">
          <params>
            <param index="0">
              <value>
                <![CDATA[teacher]]>
              </value>
            </param>
          </params>
          <reporter-output>
          </reporter-output>
        </test-method> <!-- test2 -->
        <test-method status="PASS" signature="test2(java.lang.String)[pri:0, instance:TestPractise.CreateData@4c75cab9]" name="test2" duration-ms="2" started-at="2018-06-04T22:20:01Z" data-provider="db" finished-at="2018-06-04T22:20:01Z">
          <params>
            <param index="0">
              <value>
                <![CDATA[students]]>
              </value>
            </param>
          </params>
          <reporter-output>
          </reporter-output>
        </test-method> <!-- test2 -->
        <test-method status="PASS" signature="test2(java.lang.String)[pri:0, instance:TestPractise.CreateData@4c75cab9]" name="test2" duration-ms="4" started-at="2018-06-04T22:20:01Z" data-provider="db" finished-at="2018-06-04T22:20:01Z">
          <params>
            <param index="0">
              <value>
                <![CDATA[colleage]]>
              </value>
            </param>
          </params>
          <reporter-output>
          </reporter-output>
        </test-method> <!-- test2 -->
        <test-method status="PASS" signature="test3(java.lang.String)[pri:0, instance:TestPractise.CreateData@4c75cab9]" name="test3" duration-ms="2" started-at="2018-06-04T22:20:02Z" data-provider="db" finished-at="2018-06-04T22:20:02Z">
          <params>
            <param index="0">
              <value>
                <![CDATA[Credit]]>
              </value>
            </param>
          </params>
          <reporter-output>
          </reporter-output>
        </test-method> <!-- test3 -->
        <test-method status="PASS" signature="test3(java.lang.String)[pri:0, instance:TestPractise.CreateData@4c75cab9]" name="test3" duration-ms="2" started-at="2018-06-04T22:20:02Z" data-provider="db" finished-at="2018-06-04T22:20:02Z">
          <params>
            <param index="0">
              <value>
                <![CDATA[old]]>
              </value>
            </param>
          </params>
          <reporter-output>
          </reporter-output>
        </test-method> <!-- test3 -->
        <test-method status="PASS" signature="test3(java.lang.String)[pri:0, instance:TestPractise.CreateData@4c75cab9]" name="test3" duration-ms="1" started-at="2018-06-04T22:20:02Z" data-provider="db" finished-at="2018-06-04T22:20:02Z">
          <params>
            <param index="0">
              <value>
                <![CDATA[yeard]]>
              </value>
            </param>
          </params>
          <reporter-output>
          </reporter-output>
        </test-method> <!-- test3 -->
        <test-method status="PASS" signature="test3(java.lang.String)[pri:0, instance:TestPractise.CreateData@4c75cab9]" name="test3" duration-ms="0" started-at="2018-06-04T22:20:02Z" data-provider="db" finished-at="2018-06-04T22:20:02Z">
          <params>
            <param index="0">
              <value>
                <![CDATA[good]]>
              </value>
            </param>
          </params>
          <reporter-output>
          </reporter-output>
        </test-method> <!-- test3 -->
        <test-method status="PASS" signature="test3(java.lang.String)[pri:0, instance:TestPractise.CreateData@4c75cab9]" name="test3" duration-ms="1" started-at="2018-06-04T22:20:02Z" data-provider="db" finished-at="2018-06-04T22:20:02Z">
          <params>
            <param index="0">
              <value>
                <![CDATA[thanks]]>
              </value>
            </param>
          </params>
          <reporter-output>
          </reporter-output>
        </test-method> <!-- test3 -->
        <test-method status="PASS" signature="test3(java.lang.String)[pri:0, instance:TestPractise.CreateData@4c75cab9]" name="test3" duration-ms="0" started-at="2018-06-04T22:20:02Z" data-provider="db" finished-at="2018-06-04T22:20:02Z">
          <params>
            <param index="0">
              <value>
                <![CDATA[teacher]]>
              </value>
            </param>
          </params>
          <reporter-output>
          </reporter-output>
        </test-method> <!-- test3 -->
        <test-method status="PASS" signature="test3(java.lang.String)[pri:0, instance:TestPractise.CreateData@4c75cab9]" name="test3" duration-ms="3" started-at="2018-06-04T22:20:02Z" data-provider="db" finished-at="2018-06-04T22:20:02Z">
          <params>
            <param index="0">
              <value>
                <![CDATA[students]]>
              </value>
            </param>
          </params>
          <reporter-output>
          </reporter-output>
        </test-method> <!-- test3 -->
        <test-method status="PASS" signature="test3(java.lang.String)[pri:0, instance:TestPractise.CreateData@4c75cab9]" name="test3" duration-ms="0" started-at="2018-06-04T22:20:02Z" data-provider="db" finished-at="2018-06-04T22:20:02Z">
          <params>
            <param index="0">
              <value>
                <![CDATA[colleage]]>
              </value>
            </param>
          </params>
          <reporter-output>
          </reporter-output>
        </test-method> <!-- test3 -->
        <test-method status="PASS" signature="test4(java.lang.String)[pri:0, instance:TestPractise.CreateData@4c75cab9]" name="test4" duration-ms="4" started-at="2018-06-04T22:20:02Z" data-provider="db" finished-at="2018-06-04T22:20:02Z">
          <params>
            <param index="0">
              <value>
                <![CDATA[Credit]]>
              </value>
            </param>
          </params>
          <reporter-output>
          </reporter-output>
        </test-method> <!-- test4 -->
        <test-method status="PASS" signature="test4(java.lang.String)[pri:0, instance:TestPractise.CreateData@4c75cab9]" name="test4" duration-ms="2" started-at="2018-06-04T22:20:02Z" data-provider="db" finished-at="2018-06-04T22:20:02Z">
          <params>
            <param index="0">
              <value>
                <![CDATA[old]]>
              </value>
            </param>
          </params>
          <reporter-output>
          </reporter-output>
        </test-method> <!-- test4 -->
        <test-method status="PASS" signature="test4(java.lang.String)[pri:0, instance:TestPractise.CreateData@4c75cab9]" name="test4" duration-ms="0" started-at="2018-06-04T22:20:02Z" data-provider="db" finished-at="2018-06-04T22:20:02Z">
          <params>
            <param index="0">
              <value>
                <![CDATA[yeard]]>
              </value>
            </param>
          </params>
          <reporter-output>
          </reporter-output>
        </test-method> <!-- test4 -->
        <test-method status="PASS" signature="test4(java.lang.String)[pri:0, instance:TestPractise.CreateData@4c75cab9]" name="test4" duration-ms="1" started-at="2018-06-04T22:20:02Z" data-provider="db" finished-at="2018-06-04T22:20:02Z">
          <params>
            <param index="0">
              <value>
                <![CDATA[good]]>
              </value>
            </param>
          </params>
          <reporter-output>
          </reporter-output>
        </test-method> <!-- test4 -->
        <test-method status="PASS" signature="test4(java.lang.String)[pri:0, instance:TestPractise.CreateData@4c75cab9]" name="test4" duration-ms="2" started-at="2018-06-04T22:20:02Z" data-provider="db" finished-at="2018-06-04T22:20:02Z">
          <params>
            <param index="0">
              <value>
                <![CDATA[thanks]]>
              </value>
            </param>
          </params>
          <reporter-output>
          </reporter-output>
        </test-method> <!-- test4 -->
        <test-method status="PASS" signature="test4(java.lang.String)[pri:0, instance:TestPractise.CreateData@4c75cab9]" name="test4" duration-ms="1" started-at="2018-06-04T22:20:02Z" data-provider="db" finished-at="2018-06-04T22:20:02Z">
          <params>
            <param index="0">
              <value>
                <![CDATA[teacher]]>
              </value>
            </param>
          </params>
          <reporter-output>
          </reporter-output>
        </test-method> <!-- test4 -->
        <test-method status="PASS" signature="test4(java.lang.String)[pri:0, instance:TestPractise.CreateData@4c75cab9]" name="test4" duration-ms="1" started-at="2018-06-04T22:20:02Z" data-provider="db" finished-at="2018-06-04T22:20:02Z">
          <params>
            <param index="0">
              <value>
                <![CDATA[students]]>
              </value>
            </param>
          </params>
          <reporter-output>
          </reporter-output>
        </test-method> <!-- test4 -->
        <test-method status="PASS" signature="test4(java.lang.String)[pri:0, instance:TestPractise.CreateData@4c75cab9]" name="test4" duration-ms="6" started-at="2018-06-04T22:20:02Z" data-provider="db" finished-at="2018-06-04T22:20:02Z">
          <params>
            <param index="0">
              <value>
                <![CDATA[colleage]]>
              </value>
            </param>
          </params>
          <reporter-output>
          </reporter-output>
        </test-method> <!-- test4 -->
        <test-method status="PASS" signature="test5(java.lang.String)[pri:0, instance:TestPractise.CreateData@4c75cab9]" name="test5" duration-ms="12" started-at="2018-06-04T22:20:02Z" data-provider="db" finished-at="2018-06-04T22:20:02Z">
          <params>
            <param index="0">
              <value>
                <![CDATA[Credit]]>
              </value>
            </param>
          </params>
          <reporter-output>
          </reporter-output>
        </test-method> <!-- test5 -->
        <test-method status="PASS" signature="test5(java.lang.String)[pri:0, instance:TestPractise.CreateData@4c75cab9]" name="test5" duration-ms="1" started-at="2018-06-04T22:20:02Z" data-provider="db" finished-at="2018-06-04T22:20:02Z">
          <params>
            <param index="0">
              <value>
                <![CDATA[old]]>
              </value>
            </param>
          </params>
          <reporter-output>
          </reporter-output>
        </test-method> <!-- test5 -->
        <test-method status="PASS" signature="test5(java.lang.String)[pri:0, instance:TestPractise.CreateData@4c75cab9]" name="test5" duration-ms="0" started-at="2018-06-04T22:20:02Z" data-provider="db" finished-at="2018-06-04T22:20:02Z">
          <params>
            <param index="0">
              <value>
                <![CDATA[yeard]]>
              </value>
            </param>
          </params>
          <reporter-output>
          </reporter-output>
        </test-method> <!-- test5 -->
        <test-method status="PASS" signature="test5(java.lang.String)[pri:0, instance:TestPractise.CreateData@4c75cab9]" name="test5" duration-ms="0" started-at="2018-06-04T22:20:02Z" data-provider="db" finished-at="2018-06-04T22:20:02Z">
          <params>
            <param index="0">
              <value>
                <![CDATA[thanks]]>
              </value>
            </param>
          </params>
          <reporter-output>
          </reporter-output>
        </test-method> <!-- test5 -->
        <test-method status="PASS" signature="test5(java.lang.String)[pri:0, instance:TestPractise.CreateData@4c75cab9]" name="test5" duration-ms="1" started-at="2018-06-04T22:20:02Z" data-provider="db" finished-at="2018-06-04T22:20:02Z">
          <params>
            <param index="0">
              <value>
                <![CDATA[teacher]]>
              </value>
            </param>
          </params>
          <reporter-output>
          </reporter-output>
        </test-method> <!-- test5 -->
        <test-method status="PASS" signature="test5(java.lang.String)[pri:0, instance:TestPractise.CreateData@4c75cab9]" name="test5" duration-ms="0" started-at="2018-06-04T22:20:02Z" data-provider="db" finished-at="2018-06-04T22:20:02Z">
          <params>
            <param index="0">
              <value>
                <![CDATA[good]]>
              </value>
            </param>
          </params>
          <reporter-output>
          </reporter-output>
        </test-method> <!-- test5 -->
        <test-method status="PASS" signature="test5(java.lang.String)[pri:0, instance:TestPractise.CreateData@4c75cab9]" name="test5" duration-ms="9" started-at="2018-06-04T22:20:02Z" data-provider="db" finished-at="2018-06-04T22:20:02Z">
          <params>
            <param index="0">
              <value>
                <![CDATA[students]]>
              </value>
            </param>
          </params>
          <reporter-output>
          </reporter-output>
        </test-method> <!-- test5 -->
        <test-method status="PASS" signature="test5(java.lang.String)[pri:0, instance:TestPractise.CreateData@4c75cab9]" name="test5" duration-ms="1" started-at="2018-06-04T22:20:02Z" data-provider="db" finished-at="2018-06-04T22:20:02Z">
          <params>
            <param index="0">
              <value>
                <![CDATA[colleage]]>
              </value>
            </param>
          </params>
          <reporter-output>
          </reporter-output>
        </test-method> <!-- test5 -->
        <test-method status="PASS" signature="test6(java.lang.String)[pri:0, instance:TestPractise.CreateData@4c75cab9]" name="test6" duration-ms="1" started-at="2018-06-04T22:20:02Z" data-provider="db" finished-at="2018-06-04T22:20:02Z">
          <params>
            <param index="0">
              <value>
                <![CDATA[Credit]]>
              </value>
            </param>
          </params>
          <reporter-output>
          </reporter-output>
        </test-method> <!-- test6 -->
        <test-method status="PASS" signature="test6(java.lang.String)[pri:0, instance:TestPractise.CreateData@4c75cab9]" name="test6" duration-ms="1" started-at="2018-06-04T22:20:02Z" data-provider="db" finished-at="2018-06-04T22:20:02Z">
          <params>
            <param index="0">
              <value>
                <![CDATA[old]]>
              </value>
            </param>
          </params>
          <reporter-output>
          </reporter-output>
        </test-method> <!-- test6 -->
        <test-method status="PASS" signature="test6(java.lang.String)[pri:0, instance:TestPractise.CreateData@4c75cab9]" name="test6" duration-ms="1" started-at="2018-06-04T22:20:02Z" data-provider="db" finished-at="2018-06-04T22:20:02Z">
          <params>
            <param index="0">
              <value>
                <![CDATA[yeard]]>
              </value>
            </param>
          </params>
          <reporter-output>
          </reporter-output>
        </test-method> <!-- test6 -->
        <test-method status="PASS" signature="test6(java.lang.String)[pri:0, instance:TestPractise.CreateData@4c75cab9]" name="test6" duration-ms="0" started-at="2018-06-04T22:20:02Z" data-provider="db" finished-at="2018-06-04T22:20:02Z">
          <params>
            <param index="0">
              <value>
                <![CDATA[good]]>
              </value>
            </param>
          </params>
          <reporter-output>
          </reporter-output>
        </test-method> <!-- test6 -->
        <test-method status="PASS" signature="test6(java.lang.String)[pri:0, instance:TestPractise.CreateData@4c75cab9]" name="test6" duration-ms="0" started-at="2018-06-04T22:20:02Z" data-provider="db" finished-at="2018-06-04T22:20:02Z">
          <params>
            <param index="0">
              <value>
                <![CDATA[thanks]]>
              </value>
            </param>
          </params>
          <reporter-output>
          </reporter-output>
        </test-method> <!-- test6 -->
        <test-method status="PASS" signature="test6(java.lang.String)[pri:0, instance:TestPractise.CreateData@4c75cab9]" name="test6" duration-ms="0" started-at="2018-06-04T22:20:02Z" data-provider="db" finished-at="2018-06-04T22:20:02Z">
          <params>
            <param index="0">
              <value>
                <![CDATA[teacher]]>
              </value>
            </param>
          </params>
          <reporter-output>
          </reporter-output>
        </test-method> <!-- test6 -->
        <test-method status="PASS" signature="test6(java.lang.String)[pri:0, instance:TestPractise.CreateData@4c75cab9]" name="test6" duration-ms="0" started-at="2018-06-04T22:20:02Z" data-provider="db" finished-at="2018-06-04T22:20:02Z">
          <params>
            <param index="0">
              <value>
                <![CDATA[students]]>
              </value>
            </param>
          </params>
          <reporter-output>
          </reporter-output>
        </test-method> <!-- test6 -->
        <test-method status="PASS" signature="test6(java.lang.String)[pri:0, instance:TestPractise.CreateData@4c75cab9]" name="test6" duration-ms="0" started-at="2018-06-04T22:20:02Z" data-provider="db" finished-at="2018-06-04T22:20:02Z">
          <params>
            <param index="0">
              <value>
                <![CDATA[colleage]]>
              </value>
            </param>
          </params>
          <reporter-output>
          </reporter-output>
        </test-method> <!-- test6 -->
        <test-method status="PASS" signature="test7(java.lang.String)[pri:0, instance:TestPractise.CreateData@4c75cab9]" name="test7" duration-ms="0" started-at="2018-06-04T22:20:02Z" data-provider="db" finished-at="2018-06-04T22:20:02Z">
          <params>
            <param index="0">
              <value>
                <![CDATA[Credit]]>
              </value>
            </param>
          </params>
          <reporter-output>
          </reporter-output>
        </test-method> <!-- test7 -->
        <test-method status="PASS" signature="test7(java.lang.String)[pri:0, instance:TestPractise.CreateData@4c75cab9]" name="test7" duration-ms="0" started-at="2018-06-04T22:20:02Z" data-provider="db" finished-at="2018-06-04T22:20:02Z">
          <params>
            <param index="0">
              <value>
                <![CDATA[yeard]]>
              </value>
            </param>
          </params>
          <reporter-output>
          </reporter-output>
        </test-method> <!-- test7 -->
        <test-method status="PASS" signature="test7(java.lang.String)[pri:0, instance:TestPractise.CreateData@4c75cab9]" name="test7" duration-ms="0" started-at="2018-06-04T22:20:02Z" data-provider="db" finished-at="2018-06-04T22:20:02Z">
          <params>
            <param index="0">
              <value>
                <![CDATA[old]]>
              </value>
            </param>
          </params>
          <reporter-output>
          </reporter-output>
        </test-method> <!-- test7 -->
        <test-method status="PASS" signature="test7(java.lang.String)[pri:0, instance:TestPractise.CreateData@4c75cab9]" name="test7" duration-ms="1" started-at="2018-06-04T22:20:02Z" data-provider="db" finished-at="2018-06-04T22:20:02Z">
          <params>
            <param index="0">
              <value>
                <![CDATA[good]]>
              </value>
            </param>
          </params>
          <reporter-output>
          </reporter-output>
        </test-method> <!-- test7 -->
        <test-method status="PASS" signature="test7(java.lang.String)[pri:0, instance:TestPractise.CreateData@4c75cab9]" name="test7" duration-ms="0" started-at="2018-06-04T22:20:02Z" data-provider="db" finished-at="2018-06-04T22:20:02Z">
          <params>
            <param index="0">
              <value>
                <![CDATA[thanks]]>
              </value>
            </param>
          </params>
          <reporter-output>
          </reporter-output>
        </test-method> <!-- test7 -->
        <test-method status="PASS" signature="test7(java.lang.String)[pri:0, instance:TestPractise.CreateData@4c75cab9]" name="test7" duration-ms="6" started-at="2018-06-04T22:20:02Z" data-provider="db" finished-at="2018-06-04T22:20:02Z">
          <params>
            <param index="0">
              <value>
                <![CDATA[students]]>
              </value>
            </param>
          </params>
          <reporter-output>
          </reporter-output>
        </test-method> <!-- test7 -->
        <test-method status="PASS" signature="test7(java.lang.String)[pri:0, instance:TestPractise.CreateData@4c75cab9]" name="test7" duration-ms="0" started-at="2018-06-04T22:20:02Z" data-provider="db" finished-at="2018-06-04T22:20:02Z">
          <params>
            <param index="0">
              <value>
                <![CDATA[teacher]]>
              </value>
            </param>
          </params>
          <reporter-output>
          </reporter-output>
        </test-method> <!-- test7 -->
        <test-method status="PASS" signature="test7(java.lang.String)[pri:0, instance:TestPractise.CreateData@4c75cab9]" name="test7" duration-ms="1" started-at="2018-06-04T22:20:02Z" data-provider="db" finished-at="2018-06-04T22:20:02Z">
          <params>
            <param index="0">
              <value>
                <![CDATA[colleage]]>
              </value>
            </param>
          </params>
          <reporter-output>
          </reporter-output>
        </test-method> <!-- test7 -->
        <test-method status="PASS" signature="test8(java.lang.String)[pri:0, instance:TestPractise.CreateData@4c75cab9]" name="test8" duration-ms="9" started-at="2018-06-04T22:20:02Z" data-provider="db" finished-at="2018-06-04T22:20:02Z">
          <params>
            <param index="0">
              <value>
                <![CDATA[Credit]]>
              </value>
            </param>
          </params>
          <reporter-output>
          </reporter-output>
        </test-method> <!-- test8 -->
        <test-method status="PASS" signature="test8(java.lang.String)[pri:0, instance:TestPractise.CreateData@4c75cab9]" name="test8" duration-ms="0" started-at="2018-06-04T22:20:02Z" data-provider="db" finished-at="2018-06-04T22:20:02Z">
          <params>
            <param index="0">
              <value>
                <![CDATA[old]]>
              </value>
            </param>
          </params>
          <reporter-output>
          </reporter-output>
        </test-method> <!-- test8 -->
        <test-method status="PASS" signature="test8(java.lang.String)[pri:0, instance:TestPractise.CreateData@4c75cab9]" name="test8" duration-ms="1" started-at="2018-06-04T22:20:02Z" data-provider="db" finished-at="2018-06-04T22:20:02Z">
          <params>
            <param index="0">
              <value>
                <![CDATA[yeard]]>
              </value>
            </param>
          </params>
          <reporter-output>
          </reporter-output>
        </test-method> <!-- test8 -->
        <test-method status="PASS" signature="test8(java.lang.String)[pri:0, instance:TestPractise.CreateData@4c75cab9]" name="test8" duration-ms="3" started-at="2018-06-04T22:20:02Z" data-provider="db" finished-at="2018-06-04T22:20:02Z">
          <params>
            <param index="0">
              <value>
                <![CDATA[good]]>
              </value>
            </param>
          </params>
          <reporter-output>
          </reporter-output>
        </test-method> <!-- test8 -->
        <test-method status="PASS" signature="test8(java.lang.String)[pri:0, instance:TestPractise.CreateData@4c75cab9]" name="test8" duration-ms="1" started-at="2018-06-04T22:20:02Z" data-provider="db" finished-at="2018-06-04T22:20:02Z">
          <params>
            <param index="0">
              <value>
                <![CDATA[thanks]]>
              </value>
            </param>
          </params>
          <reporter-output>
          </reporter-output>
        </test-method> <!-- test8 -->
        <test-method status="PASS" signature="test8(java.lang.String)[pri:0, instance:TestPractise.CreateData@4c75cab9]" name="test8" duration-ms="7" started-at="2018-06-04T22:20:02Z" data-provider="db" finished-at="2018-06-04T22:20:02Z">
          <params>
            <param index="0">
              <value>
                <![CDATA[teacher]]>
              </value>
            </param>
          </params>
          <reporter-output>
          </reporter-output>
        </test-method> <!-- test8 -->
        <test-method status="PASS" signature="test8(java.lang.String)[pri:0, instance:TestPractise.CreateData@4c75cab9]" name="test8" duration-ms="2" started-at="2018-06-04T22:20:02Z" data-provider="db" finished-at="2018-06-04T22:20:02Z">
          <params>
            <param index="0">
              <value>
                <![CDATA[students]]>
              </value>
            </param>
          </params>
          <reporter-output>
          </reporter-output>
        </test-method> <!-- test8 -->
        <test-method status="PASS" signature="test8(java.lang.String)[pri:0, instance:TestPractise.CreateData@4c75cab9]" name="test8" duration-ms="1" started-at="2018-06-04T22:20:02Z" data-provider="db" finished-at="2018-06-04T22:20:02Z">
          <params>
            <param index="0">
              <value>
                <![CDATA[colleage]]>
              </value>
            </param>
          </params>
          <reporter-output>
          </reporter-output>
        </test-method> <!-- test8 -->
      </class> <!-- TestPractise.CreateData -->
    </test> <!-- Create -->
  </suite> <!-- CreateData -->
</testng-results>
